<?xml version="1.0" encoding="UTF-8"?>
<!-- Generated by org.testng.reporters.JUnitReportReporter -->
<testsuite hostname="DESKTOP-Q2GNTDB" failures="0" tests="5" name="bpdtsTest.TestBPDTS" time="5.070" errors="0" timestamp="2020-06-28T23:58:41 BST" skipped="0">
  <testcase classname="bpdtsTest.TestBPDTS" name="getInstructions_checkResponseIsOk_contentLenght_equal281" time="0.249"/>
  <system-out/>
  <testcase classname="bpdtsTest.TestBPDTS" name="testResponseHeaderData_IsCorrect" time="0.611"/>
  <system-out/>
  <testcase classname="bpdtsTest.TestBPDTS" name="getAllUsers_CheckSize_isEqualsto1000" time="3.106"/>
  <system-out/>
  <testcase classname="bpdtsTest.TestBPDTS" name="getUserid_ifidparathisok" time="0.397"/>
  <system-out/>
  <testcase classname="bpdtsTest.TestBPDTS" name="getCity_whenUsePathParam_thenOK_checkRsponseheadersifOk" time="0.707"/>
  <system-out/>
</testsuite> <!-- bpdtsTest.TestBPDTS -->
